#
# There is insufficient memory for the Java Runtime Environment to continue.
# Native memory allocation (malloc) failed to allocate 2097152 bytes for AllocateHeap
# Possible reasons:
#   The system is out of physical RAM or swap space
#   The process is running with CompressedOops enabled, and the Java Heap may be blocking the growth of the native heap
# Possible solutions:
#   Reduce memory load on the system
#   Increase physical memory or swap space
#   Check if swap backing store is full
#   Decrease Java heap size (-Xmx/-Xms)
#   Decrease number of Java threads
#   Decrease Java thread stack sizes (-Xss)
#   Set larger code cache with -XX:ReservedCodeCacheSize=
#   JVM is running with Unscaled Compressed Oops mode in which the Java heap is
#     placed in the first 4GB address space. The Java Heap base address is the
#     maximum limit for the native heap growth. Please use -XX:HeapBaseMinAddress
#     to set the Java Heap base and to place the Java Heap above 4GB virtual address.
# This output file may be truncated or incomplete.
#
#  Out of Memory Error (allocation.cpp:44), pid=48560, tid=16032
#
# JRE version: OpenJDK Runtime Environment Temurin-17.0.5+8 (17.0.5+8) (build 17.0.5+8)
# Java VM: OpenJDK 64-Bit Server VM Temurin-17.0.5+8 (17.0.5+8, mixed mode, emulated-client, tiered, compressed oops, compressed class ptrs, g1 gc, windows-amd64)
# No core dump will be written. Minidumps are not enabled by default on client versions of Windows
#

---------------  S U M M A R Y ------------

Command Line: -Dsts.lsp.client=vscode -Dsts.log.file=/dev/null -XX:TieredStopAtLevel=1 -Xlog:jni+resolve=off -Dspring.config.location=file:c:\Users\Maiky\.vscode\extensions\pivotal.vscode-spring-boot-1.40.0\language-server\BOOT-INF\classes\application.properties org.springframework.ide.vscode.boot.app.BootLanguageServerBootApp

Host: Intel(R) Core(TM) i5-10300H CPU @ 2.50GHz, 8 cores, 7G,  Windows 10 , 64 bit Build 19041 (10.0.19041.1889)
Time: Fri Dec  2 21:59:39 2022 Hora est. Pacífico, Sudamérica elapsed time: 16942.032256 seconds (0d 4h 42m 22s)

---------------  T H R E A D  ---------------

Current thread (0x00000253a3ad2910):  VMThread "VM Thread" [stack: 0x000000eda7600000,0x000000eda7700000] [id=16032]

Stack: [0x000000eda7600000,0x000000eda7700000]
Native frames: (J=compiled Java code, j=interpreted, Vv=VM code, C=native code)
V  [jvm.dll+0x676b3a]
V  [jvm.dll+0x831444]
V  [jvm.dll+0x832bee]
V  [jvm.dll+0x833253]
V  [jvm.dll+0x244ce5]
V  [jvm.dll+0xa631f]
V  [jvm.dll+0x2f4f91]
V  [jvm.dll+0x2f0c10]
V  [jvm.dll+0x2d92f7]
V  [jvm.dll+0x31c3b7]
V  [jvm.dll+0x8376fb]
V  [jvm.dll+0x838434]
V  [jvm.dll+0x83894c]
V  [jvm.dll+0x838d24]
V  [jvm.dll+0x838df0]
V  [jvm.dll+0x7e17ea]
V  [jvm.dll+0x6759e5]
C  [ucrtbase.dll+0x21bb2]
C  [KERNEL32.DLL+0x17034]
C  [ntdll.dll+0x526a1]

VM_Operation (0x000000eda8efe940): G1CollectFull, mode: safepoint, requested by thread 0x00000253a65626e0


---------------  P R O C E S S  ---------------

Threads class SMR info:
_java_thread_list=0x00000253a824e430, length=27, elements={
0x00000253a3ae7730, 0x00000253a3ae85a0, 0x00000253a3b0d440, 0x00000253a3b0e2f0,
0x00000253a452c450, 0x00000253a452cd10, 0x00000253a452d5d0, 0x00000253a452dfc0,
0x00000253a4755cf0, 0x00000253a4760730, 0x00000253a638c840, 0x00000253a65626e0,
0x00000253a5fda040, 0x00000253967d6ff0, 0x00000253a6592b70, 0x00000253a65f55e0,
0x00000253a46be350, 0x00000253a6111870, 0x00000253a610e890, 0x00000253a610f230,
0x00000253a610fbd0, 0x00000253a610f700, 0x00000253a61100a0, 0x00000253a6726f00,
0x00000253a6725bc0, 0x00000253a6726a30, 0x00000253a67278a0
}

Java Threads: ( => current thread )
  0x00000253a3ae7730 JavaThread "Reference Handler" daemon [_thread_blocked, id=42740, stack(0x000000eda7700000,0x000000eda7800000)]
  0x00000253a3ae85a0 JavaThread "Finalizer" daemon [_thread_blocked, id=2040, stack(0x000000eda7800000,0x000000eda7900000)]
  0x00000253a3b0d440 JavaThread "Signal Dispatcher" daemon [_thread_blocked, id=28028, stack(0x000000eda7900000,0x000000eda7a00000)]
  0x00000253a3b0e2f0 JavaThread "Attach Listener" daemon [_thread_blocked, id=48684, stack(0x000000eda7a00000,0x000000eda7b00000)]
  0x00000253a452c450 JavaThread "Service Thread" daemon [_thread_blocked, id=33596, stack(0x000000eda7b00000,0x000000eda7c00000)]
  0x00000253a452cd10 JavaThread "Monitor Deflation Thread" daemon [_thread_blocked, id=30940, stack(0x000000eda7c00000,0x000000eda7d00000)]
  0x00000253a452d5d0 JavaThread "C1 CompilerThread0" daemon [_thread_blocked, id=42584, stack(0x000000eda7d00000,0x000000eda7e00000)]
  0x00000253a452dfc0 JavaThread "Sweeper thread" daemon [_thread_blocked, id=43684, stack(0x000000eda7e00000,0x000000eda7f00000)]
  0x00000253a4755cf0 JavaThread "Notification Thread" daemon [_thread_blocked, id=34764, stack(0x000000eda8000000,0x000000eda8100000)]
  0x00000253a4760730 JavaThread "Common-Cleaner" daemon [_thread_blocked, id=45548, stack(0x000000eda8200000,0x000000eda8300000)]
  0x00000253a638c840 JavaThread "boundedElastic-evictor-1" daemon [_thread_blocked, id=42116, stack(0x000000eda8a00000,0x000000eda8b00000)]
  0x00000253a65626e0 JavaThread "pool-9-thread-1" [_thread_blocked, id=43172, stack(0x000000eda8e00000,0x000000eda8f00000)]
  0x00000253a5fda040 JavaThread "LanguageServerApp-lifecycle" [_thread_blocked, id=46844, stack(0x000000eda8f00000,0x000000eda9000000)]
  0x00000253967d6ff0 JavaThread "DestroyJavaVM" [_thread_blocked, id=45156, stack(0x000000eda7000000,0x000000eda7100000)]
  0x00000253a6592b70 JavaThread "pool-10-thread-1" [_thread_in_native, id=48908, stack(0x000000eda9000000,0x000000eda9100000)]
  0x00000253a65f55e0 JavaThread "Simple-Language-Server main thread" daemon [_thread_blocked, id=40068, stack(0x000000eda9100000,0x000000eda9200000)]
  0x00000253a46be350 JavaThread "pool-7-thread-1" [_thread_blocked, id=28392, stack(0x000000eda9300000,0x000000eda9400000)]
  0x00000253a6111870 JavaThread "parallel-1" daemon [_thread_blocked, id=33788, stack(0x000000eda9400000,0x000000eda9500000)]
  0x00000253a610e890 JavaThread "parallel-2" daemon [_thread_blocked, id=9992, stack(0x000000eda9500000,0x000000eda9600000)]
  0x00000253a610f230 JavaThread "parallel-3" daemon [_thread_blocked, id=34196, stack(0x000000eda9600000,0x000000eda9700000)]
  0x00000253a610fbd0 JavaThread "parallel-4" daemon [_thread_blocked, id=17336, stack(0x000000eda9700000,0x000000eda9800000)]
  0x00000253a610f700 JavaThread "parallel-5" daemon [_thread_blocked, id=46272, stack(0x000000eda9800000,0x000000eda9900000)]
  0x00000253a61100a0 JavaThread "Reconciler-1" daemon [_thread_blocked, id=41924, stack(0x000000eda9900000,0x000000eda9a00000)]
  0x00000253a6726f00 JavaThread "parallel-6" daemon [_thread_blocked, id=21220, stack(0x000000edaa800000,0x000000edaa900000)]
  0x00000253a6725bc0 JavaThread "pool-5-thread-1" [_thread_blocked, id=46312, stack(0x000000eda8400000,0x000000eda8500000)]
  0x00000253a6726a30 JavaThread "parallel-7" daemon [_thread_blocked, id=35184, stack(0x000000edaaa00000,0x000000edaab00000)]
  0x00000253a67278a0 JavaThread "parallel-8" daemon [_thread_blocked, id=5308, stack(0x000000edaac00000,0x000000edaad00000)]

Other Threads:
=>0x00000253a3ad2910 VMThread "VM Thread" [stack: 0x000000eda7600000,0x000000eda7700000] [id=16032]
  0x00000253a47581d0 WatcherThread [stack: 0x000000eda8100000,0x000000eda8200000] [id=40512]
  0x0000025396833460 GCTaskThread "GC Thread#0" [stack: 0x000000eda7100000,0x000000eda7200000] [id=29244]
  0x00000253a5092060 GCTaskThread "GC Thread#1" [stack: 0x000000eda8500000,0x000000eda8600000] [id=48964]
  0x00000253a5092310 GCTaskThread "GC Thread#2" [stack: 0x000000eda8600000,0x000000eda8700000] [id=43520]
  0x00000253a50e2bf0 GCTaskThread "GC Thread#3" [stack: 0x000000eda8700000,0x000000eda8800000] [id=47344]
  0x00000253a50e32b0 GCTaskThread "GC Thread#4" [stack: 0x000000eda8800000,0x000000eda8900000] [id=8536]
  0x00000253a50e3560 GCTaskThread "GC Thread#5" [stack: 0x000000eda8900000,0x000000eda8a00000] [id=43292]
  0x00000253a5e09560 GCTaskThread "GC Thread#6" [stack: 0x000000eda8b00000,0x000000eda8c00000] [id=47572]
  0x00000253a5e0a030 GCTaskThread "GC Thread#7" [stack: 0x000000eda8c00000,0x000000eda8d00000] [id=36420]
  0x0000025396845ec0 ConcurrentGCThread "G1 Main Marker" [stack: 0x000000eda7200000,0x000000eda7300000] [id=1512]
  0x00000253968468d0 ConcurrentGCThread "G1 Conc#0" [stack: 0x000000eda7300000,0x000000eda7400000] [id=42224]
  0x00000253a5ed4d90 ConcurrentGCThread "G1 Conc#1" [stack: 0x000000eda8d00000,0x000000eda8e00000] [id=41500]
  0x00000253968999e0 ConcurrentGCThread "G1 Refine#0" [stack: 0x000000eda7400000,0x000000eda7500000] [id=25048]
  0x00000253a6832f40 ConcurrentGCThread "G1 Refine#1" [stack: 0x000000edaa900000,0x000000edaaa00000] [id=46204]
  0x00000253a829b490 ConcurrentGCThread "G1 Refine#2" [stack: 0x000000edaae00000,0x000000edaaf00000] [id=47056]
  0x00000253a84efe80 ConcurrentGCThread "G1 Refine#3" [stack: 0x000000edaaf00000,0x000000edab000000] [id=48016]
  0x00000253a4bb2650 ConcurrentGCThread "G1 Refine#4" [stack: 0x000000edab000000,0x000000edab100000] [id=46600]
  0x00000253a60f2ab0 ConcurrentGCThread "G1 Refine#5" [stack: 0x000000eda7f00000,0x000000eda8000000] [id=44528]
  0x00000253a3942610 ConcurrentGCThread "G1 Service" [stack: 0x000000eda7500000,0x000000eda7600000] [id=38872]

Threads with active compile tasks:

VM state: at safepoint (normal execution)

VM Mutex/Monitor currently owned by a thread:  ([mutex/lock_event])
[0x00000253946fe0f0] Threads_lock - owner thread: 0x00000253a3ad2910
[0x00000253967d48f0] Heap_lock - owner thread: 0x00000253a65626e0

Heap address: 0x0000000082800000, size: 2008 MB, Compressed Oops mode: 32-bit

CDS archive(s) not mapped
Compressed class space mapped at: 0x0000000100000000-0x0000000140000000, reserved size: 1073741824
Narrow klass base: 0x0000000000000000, Narrow klass shift: 3, Narrow klass range: 0x140000000

GC Precious Log:
 CPUs: 8 total, 8 available
 Memory: 8029M
 Large Page Support: Disabled
 NUMA Support: Disabled
 Compressed Oops: Enabled (32-bit)
 Heap Region Size: 1M
 Heap Min Capacity: 8M
 Heap Initial Capacity: 126M
 Heap Max Capacity: 2008M
 Pre-touch: Disabled
 Parallel Workers: 8
 Concurrent Workers: 2
 Concurrent Refinement Workers: 8
 Periodic GC: Disabled

Heap:
 garbage-first heap   total 137216K, used 41115K [0x0000000082800000, 0x0000000100000000)
  region size 1024K, 1 young (1024K), 0 survivors (0K)
 Metaspace       used 54890K, committed 55296K, reserved 1097728K
  class space    used 7288K, committed 7488K, reserved 1048576K

Heap Regions: E=young(eden), S=young(survivor), O=old, HS=humongous(starts), HC=humongous(continues), CS=collection set, F=free, OA=open archive, CA=closed archive, TAMS=top-at-mark-start (previous, next)
|   0|0x0000000082800000, 0x0000000082900000, 0x0000000082900000|100%| O|  |TAMS 0x0000000082900000, 0x0000000082800000| Untracked 
|   1|0x0000000082900000, 0x0000000082a00000, 0x0000000082a00000|100%| O|  |TAMS 0x0000000082a00000, 0x0000000082900000| Untracked 
|   2|0x0000000082a00000, 0x0000000082b00000, 0x0000000082b00000|100%| O|  |TAMS 0x0000000082b00000, 0x0000000082a00000| Untracked 
|   3|0x0000000082b00000, 0x0000000082c00000, 0x0000000082c00000|100%| O|  |TAMS 0x0000000082c00000, 0x0000000082b00000| Untracked 
|   4|0x0000000082c00000, 0x0000000082cfffe8, 0x0000000082d00000| 99%| O|  |TAMS 0x0000000082cfffe8, 0x0000000082c00000| Untracked 
|   5|0x0000000082d00000, 0x0000000082e00000, 0x0000000082e00000|100%| O|  |TAMS 0x0000000082e00000, 0x0000000082d00000| Untracked 
|   6|0x0000000082e00000, 0x0000000082f00000, 0x0000000082f00000|100%| O|  |TAMS 0x0000000082f00000, 0x0000000082e00000| Untracked 
|   7|0x0000000082f00000, 0x0000000082ffffc8, 0x0000000083000000| 99%| O|  |TAMS 0x0000000082ffffc8, 0x0000000082f00000| Untracked 
|   8|0x0000000083000000, 0x00000000830fffc8, 0x0000000083100000| 99%| O|  |TAMS 0x00000000830fffc8, 0x0000000083000000| Untracked 
|   9|0x0000000083100000, 0x00000000831fffe0, 0x0000000083200000| 99%| O|  |TAMS 0x00000000831fffe0, 0x0000000083100000| Untracked 
|  10|0x0000000083200000, 0x00000000832ffff8, 0x0000000083300000| 99%| O|  |TAMS 0x00000000832ffff8, 0x0000000083200000| Untracked 
|  11|0x0000000083300000, 0x00000000833fffd8, 0x0000000083400000| 99%| O|  |TAMS 0x00000000833fffd8, 0x0000000083300000| Untracked 
|  12|0x0000000083400000, 0x00000000834ffff8, 0x0000000083500000| 99%| O|  |TAMS 0x00000000834ffff8, 0x0000000083400000| Untracked 
|  13|0x0000000083500000, 0x00000000835ffff0, 0x0000000083600000| 99%| O|  |TAMS 0x00000000835ffff0, 0x0000000083500000| Untracked 
|  14|0x0000000083600000, 0x0000000083700000, 0x0000000083700000|100%| O|  |TAMS 0x0000000083700000, 0x0000000083600000| Untracked 
|  15|0x0000000083700000, 0x0000000083800000, 0x0000000083800000|100%| O|  |TAMS 0x0000000083800000, 0x0000000083700000| Untracked 
|  16|0x0000000083800000, 0x0000000083900000, 0x0000000083900000|100%| O|  |TAMS 0x0000000083900000, 0x0000000083800000| Untracked 
|  17|0x0000000083900000, 0x00000000839ffff8, 0x0000000083a00000| 99%| O|  |TAMS 0x00000000839ffff8, 0x0000000083900000| Untracked 
|  18|0x0000000083a00000, 0x0000000083b00000, 0x0000000083b00000|100%| O|  |TAMS 0x0000000083b00000, 0x0000000083a00000| Untracked 
|  19|0x0000000083b00000, 0x0000000083bfd780, 0x0000000083c00000| 99%| O|  |TAMS 0x0000000083bfd780, 0x0000000083b00000| Untracked 
|  20|0x0000000083c00000, 0x0000000083cfffd8, 0x0000000083d00000| 99%| O|  |TAMS 0x0000000083cfffd8, 0x0000000083c00000| Untracked 
|  21|0x0000000083d00000, 0x0000000083dffff0, 0x0000000083e00000| 99%| O|  |TAMS 0x0000000083dffff0, 0x0000000083d00000| Untracked 
|  22|0x0000000083e00000, 0x0000000083f00000, 0x0000000083f00000|100%| O|  |TAMS 0x0000000083f00000, 0x0000000083e00000| Untracked 
|  23|0x0000000083f00000, 0x0000000083ff71d8, 0x0000000084000000| 96%| O|  |TAMS 0x0000000083ff71d8, 0x0000000083f00000| Untracked 
|  24|0x0000000084000000, 0x0000000084100000, 0x0000000084100000|100%| O|  |TAMS 0x0000000084100000, 0x0000000084000000| Untracked 
|  25|0x0000000084100000, 0x0000000084200000, 0x0000000084200000|100%| O|  |TAMS 0x0000000084200000, 0x0000000084100000| Untracked 
|  26|0x0000000084200000, 0x0000000084300000, 0x0000000084300000|100%| O|  |TAMS 0x0000000084300000, 0x0000000084200000| Untracked 
|  27|0x0000000084300000, 0x00000000843f5898, 0x0000000084400000| 95%| O|  |TAMS 0x00000000843f5898, 0x0000000084300000| Untracked 
|  28|0x0000000084400000, 0x00000000844fffd0, 0x0000000084500000| 99%| O|  |TAMS 0x00000000844fffd0, 0x0000000084400000| Untracked 
|  29|0x0000000084500000, 0x00000000845ffff8, 0x0000000084600000| 99%| O|  |TAMS 0x00000000845ffff8, 0x0000000084500000| Untracked 
|  30|0x0000000084600000, 0x0000000084700000, 0x0000000084700000|100%| O|  |TAMS 0x0000000084700000, 0x0000000084600000| Untracked 
|  31|0x0000000084700000, 0x00000000847ffff0, 0x0000000084800000| 99%| O|  |TAMS 0x00000000847ffff0, 0x0000000084700000| Untracked 
|  32|0x0000000084800000, 0x000000008483cd60, 0x0000000084900000| 23%| O|  |TAMS 0x0000000084800000, 0x0000000084800000| Untracked 
|  33|0x0000000084900000, 0x0000000084900068, 0x0000000084a00000|  0%| O|  |TAMS 0x0000000084900000, 0x0000000084900000| Untracked 
|  34|0x0000000084a00000, 0x0000000084a00000, 0x0000000084b00000|  0%| F|  |TAMS 0x0000000084a00000, 0x0000000084a00000| Untracked 
|  35|0x0000000084b00000, 0x0000000084b00000, 0x0000000084c00000|  0%| F|  |TAMS 0x0000000084b00000, 0x0000000084b00000| Untracked 
|  36|0x0000000084c00000, 0x0000000084cffff8, 0x0000000084d00000| 99%| O|  |TAMS 0x0000000084cffff8, 0x0000000084c00000| Untracked 
|  37|0x0000000084d00000, 0x0000000084d00000, 0x0000000084e00000|  0%| F|  |TAMS 0x0000000084d00000, 0x0000000084d00000| Untracked 
|  38|0x0000000084e00000, 0x0000000084e00000, 0x0000000084f00000|  0%| F|  |TAMS 0x0000000084e00000, 0x0000000084e00000| Untracked 
|  39|0x0000000084f00000, 0x0000000084f00000, 0x0000000085000000|  0%| F|  |TAMS 0x0000000084f00000, 0x0000000084f00000| Untracked 
|  40|0x0000000085000000, 0x0000000085000000, 0x0000000085100000|  0%| F|  |TAMS 0x0000000085000000, 0x0000000085000000| Untracked 
|  41|0x0000000085100000, 0x00000000851ffe80, 0x0000000085200000| 99%| O|  |TAMS 0x00000000851ffe80, 0x0000000085100000| Untracked 
|  42|0x0000000085200000, 0x0000000085300000, 0x0000000085300000|100%|HS|  |TAMS 0x0000000085300000, 0x0000000085200000| Untracked 
|  43|0x0000000085300000, 0x0000000085300000, 0x0000000085400000|  0%| F|  |TAMS 0x0000000085300000, 0x0000000085300000| Untracked 
|  44|0x0000000085400000, 0x0000000085400000, 0x0000000085500000|  0%| F|  |TAMS 0x0000000085400000, 0x0000000085400000| Untracked 
|  45|0x0000000085500000, 0x0000000085600000, 0x0000000085600000|100%| O|  |TAMS 0x0000000085600000, 0x0000000085500000| Untracked 
|  46|0x0000000085600000, 0x0000000085700000, 0x0000000085700000|100%| O|  |TAMS 0x0000000085700000, 0x0000000085600000| Untracked 
|  47|0x0000000085700000, 0x0000000085800000, 0x0000000085800000|100%| O|  |TAMS 0x0000000085800000, 0x0000000085700000| Untracked 
|  48|0x0000000085800000, 0x0000000085900000, 0x0000000085900000|100%| O|  |TAMS 0x0000000085900000, 0x0000000085800000| Untracked 
|  49|0x0000000085900000, 0x0000000085900000, 0x0000000085a00000|  0%| F|  |TAMS 0x0000000085900000, 0x0000000085900000| Untracked 
|  50|0x0000000085a00000, 0x0000000085a00000, 0x0000000085b00000|  0%| F|  |TAMS 0x0000000085a00000, 0x0000000085a00000| Untracked 
|  51|0x0000000085b00000, 0x0000000085b00000, 0x0000000085c00000|  0%| F|  |TAMS 0x0000000085b00000, 0x0000000085b00000| Untracked 
|  52|0x0000000085c00000, 0x0000000085c00000, 0x0000000085d00000|  0%| F|  |TAMS 0x0000000085c00000, 0x0000000085c00000| Untracked 
|  53|0x0000000085d00000, 0x0000000085d00000, 0x0000000085e00000|  0%| F|  |TAMS 0x0000000085d00000, 0x0000000085d00000| Untracked 
|  54|0x0000000085e00000, 0x0000000085f00000, 0x0000000085f00000|100%| O|  |TAMS 0x0000000085f00000, 0x0000000085e00000| Untracked 
|  55|0x0000000085f00000, 0x0000000085f00000, 0x0000000086000000|  0%| F|  |TAMS 0x0000000085f00000, 0x0000000085f00000| Untracked 
|  56|0x0000000086000000, 0x0000000086000000, 0x0000000086100000|  0%| F|  |TAMS 0x0000000086000000, 0x0000000086000000| Untracked 
|  57|0x0000000086100000, 0x0000000086100000, 0x0000000086200000|  0%| F|  |TAMS 0x0000000086100000, 0x0000000086100000| Untracked 
|  58|0x0000000086200000, 0x0000000086200000, 0x0000000086300000|  0%| F|  |TAMS 0x0000000086200000, 0x0000000086200000| Untracked 
|  59|0x0000000086300000, 0x0000000086300000, 0x0000000086400000|  0%| F|  |TAMS 0x0000000086300000, 0x0000000086300000| Untracked 
|  60|0x0000000086400000, 0x0000000086400000, 0x0000000086500000|  0%| F|  |TAMS 0x0000000086400000, 0x0000000086400000| Untracked 
|  61|0x0000000086500000, 0x0000000086500000, 0x0000000086600000|  0%| F|  |TAMS 0x0000000086500000, 0x0000000086500000| Untracked 
|  62|0x0000000086600000, 0x0000000086600000, 0x0000000086700000|  0%| F|  |TAMS 0x0000000086600000, 0x0000000086600000| Untracked 
|  63|0x0000000086700000, 0x0000000086700000, 0x0000000086800000|  0%| F|  |TAMS 0x0000000086700000, 0x0000000086700000| Untracked 
|  64|0x0000000086800000, 0x0000000086800000, 0x0000000086900000|  0%| F|  |TAMS 0x0000000086800000, 0x0000000086800000| Untracked 
|  65|0x0000000086900000, 0x0000000086900000, 0x0000000086a00000|  0%| F|  |TAMS 0x0000000086900000, 0x0000000086900000| Untracked 
|  66|0x0000000086a00000, 0x0000000086a00000, 0x0000000086b00000|  0%| F|  |TAMS 0x0000000086a00000, 0x0000000086a00000| Untracked 
|  67|0x0000000086b00000, 0x0000000086b00000, 0x0000000086c00000|  0%| F|  |TAMS 0x0000000086b00000, 0x0000000086b00000| Untracked 
|  68|0x0000000086c00000, 0x0000000086c00000, 0x0000000086d00000|  0%| F|  |TAMS 0x0000000086c00000, 0x0000000086c00000| Untracked 
|  69|0x0000000086d00000, 0x0000000086d00000, 0x0000000086e00000|  0%| F|  |TAMS 0x0000000086d00000, 0x0000000086d00000| Untracked 
|  70|0x0000000086e00000, 0x0000000086e00000, 0x0000000086f00000|  0%| F|  |TAMS 0x0000000086e00000, 0x0000000086e00000| Untracked 
|  71|0x0000000086f00000, 0x0000000086f00000, 0x0000000087000000|  0%| F|  |TAMS 0x0000000086f00000, 0x0000000086f00000| Untracked 
|  72|0x0000000087000000, 0x0000000087000000, 0x0000000087100000|  0%| F|  |TAMS 0x0000000087000000, 0x0000000087000000| Untracked 
|  73|0x0000000087100000, 0x0000000087100000, 0x0000000087200000|  0%| F|  |TAMS 0x0000000087100000, 0x0000000087100000| Untracked 
|  74|0x0000000087200000, 0x0000000087200000, 0x0000000087300000|  0%| F|  |TAMS 0x0000000087200000, 0x0000000087200000| Untracked 
|  75|0x0000000087300000, 0x0000000087300000, 0x0000000087400000|  0%| F|  |TAMS 0x0000000087300000, 0x0000000087300000| Untracked 
|  76|0x0000000087400000, 0x0000000087400000, 0x0000000087500000|  0%| F|  |TAMS 0x0000000087400000, 0x0000000087400000| Untracked 
|  77|0x0000000087500000, 0x0000000087500000, 0x0000000087600000|  0%| F|  |TAMS 0x0000000087500000, 0x0000000087500000| Untracked 
|  78|0x0000000087600000, 0x0000000087600000, 0x0000000087700000|  0%| F|  |TAMS 0x0000000087600000, 0x0000000087600000| Untracked 
|  79|0x0000000087700000, 0x0000000087700000, 0x0000000087800000|  0%| F|  |TAMS 0x0000000087700000, 0x0000000087700000| Untracked 
|  80|0x0000000087800000, 0x0000000087800000, 0x0000000087900000|  0%| F|  |TAMS 0x0000000087800000, 0x0000000087800000| Untracked 
|  81|0x0000000087900000, 0x0000000087900000, 0x0000000087a00000|  0%| F|  |TAMS 0x0000000087900000, 0x0000000087900000| Untracked 
|  82|0x0000000087a00000, 0x0000000087a00000, 0x0000000087b00000|  0%| F|  |TAMS 0x0000000087a00000, 0x0000000087a00000| Untracked 
|  83|0x0000000087b00000, 0x0000000087b00000, 0x0000000087c00000|  0%| F|  |TAMS 0x0000000087b00000, 0x0000000087b00000| Untracked 
|  84|0x0000000087c00000, 0x0000000087c00000, 0x0000000087d00000|  0%| F|  |TAMS 0x0000000087c00000, 0x0000000087c00000| Untracked 
|  85|0x0000000087d00000, 0x0000000087d00000, 0x0000000087e00000|  0%| F|  |TAMS 0x0000000087d00000, 0x0000000087d00000| Untracked 
|  86|0x0000000087e00000, 0x0000000087e00000, 0x0000000087f00000|  0%| F|  |TAMS 0x0000000087e00000, 0x0000000087e00000| Untracked 
|  87|0x0000000087f00000, 0x0000000087f00000, 0x0000000088000000|  0%| F|  |TAMS 0x0000000087f00000, 0x0000000087f00000| Untracked 
|  88|0x0000000088000000, 0x0000000088000000, 0x0000000088100000|  0%| F|  |TAMS 0x0000000088000000, 0x0000000088000000| Untracked 
|  89|0x0000000088100000, 0x0000000088100000, 0x0000000088200000|  0%| F|  |TAMS 0x0000000088100000, 0x0000000088100000| Untracked 
|  90|0x0000000088200000, 0x0000000088200000, 0x0000000088300000|  0%| F|  |TAMS 0x0000000088200000, 0x0000000088200000| Untracked 
|  91|0x0000000088300000, 0x0000000088300000, 0x0000000088400000|  0%| F|  |TAMS 0x0000000088300000, 0x0000000088300000| Untracked 
|  92|0x0000000088400000, 0x0000000088400000, 0x0000000088500000|  0%| F|  |TAMS 0x0000000088400000, 0x0000000088400000| Untracked 
|  93|0x0000000088500000, 0x0000000088500000, 0x0000000088600000|  0%| F|  |TAMS 0x0000000088500000, 0x0000000088500000| Untracked 
|  94|0x0000000088600000, 0x0000000088600000, 0x0000000088700000|  0%| F|  |TAMS 0x0000000088600000, 0x0000000088600000| Untracked 
|  95|0x0000000088700000, 0x0000000088700000, 0x0000000088800000|  0%| F|  |TAMS 0x0000000088700000, 0x0000000088700000| Untracked 
|  96|0x0000000088800000, 0x0000000088800000, 0x0000000088900000|  0%| F|  |TAMS 0x0000000088800000, 0x0000000088800000| Untracked 
|  97|0x0000000088900000, 0x0000000088900000, 0x0000000088a00000|  0%| F|  |TAMS 0x0000000088900000, 0x0000000088900000| Untracked 
|  98|0x0000000088a00000, 0x0000000088a00000, 0x0000000088b00000|  0%| F|  |TAMS 0x0000000088a00000, 0x0000000088a00000| Untracked 
|  99|0x0000000088b00000, 0x0000000088b00000, 0x0000000088c00000|  0%| F|  |TAMS 0x0000000088b00000, 0x0000000088b00000| Untracked 
| 100|0x0000000088c00000, 0x0000000088c00000, 0x0000000088d00000|  0%| F|  |TAMS 0x0000000088c00000, 0x0000000088c00000| Untracked 
| 101|0x0000000088d00000, 0x0000000088d00000, 0x0000000088e00000|  0%| F|  |TAMS 0x0000000088d00000, 0x0000000088d00000| Untracked 
| 102|0x0000000088e00000, 0x0000000088e00000, 0x0000000088f00000|  0%| F|  |TAMS 0x0000000088e00000, 0x0000000088e00000| Untracked 
| 103|0x0000000088f00000, 0x0000000088f00000, 0x0000000089000000|  0%| F|  |TAMS 0x0000000088f00000, 0x0000000088f00000| Untracked 
| 104|0x0000000089000000, 0x0000000089000000, 0x0000000089100000|  0%| F|  |TAMS 0x0000000089000000, 0x0000000089000000| Untracked 
| 105|0x0000000089100000, 0x0000000089100000, 0x0000000089200000|  0%| F|  |TAMS 0x0000000089100000, 0x0000000089100000| Untracked 
| 106|0x0000000089200000, 0x0000000089200000, 0x0000000089300000|  0%| F|  |TAMS 0x0000000089200000, 0x0000000089200000| Untracked 
| 107|0x0000000089300000, 0x0000000089300000, 0x0000000089400000|  0%| F|  |TAMS 0x0000000089300000, 0x0000000089300000| Untracked 
| 108|0x0000000089400000, 0x0000000089400000, 0x0000000089500000|  0%| F|  |TAMS 0x0000000089400000, 0x0000000089400000| Untracked 
| 109|0x0000000089500000, 0x0000000089500000, 0x0000000089600000|  0%| F|  |TAMS 0x0000000089500000, 0x0000000089500000| Untracked 
| 110|0x0000000089600000, 0x0000000089600000, 0x0000000089700000|  0%| F|  |TAMS 0x0000000089600000, 0x0000000089600000| Untracked 
| 111|0x0000000089700000, 0x0000000089700000, 0x0000000089800000|  0%| F|  |TAMS 0x0000000089700000, 0x0000000089700000| Untracked 
| 112|0x0000000089800000, 0x0000000089800000, 0x0000000089900000|  0%| F|  |TAMS 0x0000000089800000, 0x0000000089800000| Untracked 
| 113|0x0000000089900000, 0x0000000089900000, 0x0000000089a00000|  0%| F|  |TAMS 0x0000000089900000, 0x0000000089900000| Untracked 
| 114|0x0000000089a00000, 0x0000000089a00000, 0x0000000089b00000|  0%| F|  |TAMS 0x0000000089a00000, 0x0000000089a00000| Untracked 
| 115|0x0000000089b00000, 0x0000000089b00000, 0x0000000089c00000|  0%| F|  |TAMS 0x0000000089b00000, 0x0000000089b00000| Untracked 
| 116|0x0000000089c00000, 0x0000000089c00000, 0x0000000089d00000|  0%| F|  |TAMS 0x0000000089c00000, 0x0000000089c00000| Untracked 
| 117|0x0000000089d00000, 0x0000000089d00000, 0x0000000089e00000|  0%| F|  |TAMS 0x0000000089d00000, 0x0000000089d00000| Untracked 
| 118|0x0000000089e00000, 0x0000000089e00000, 0x0000000089f00000|  0%| F|  |TAMS 0x0000000089e00000, 0x0000000089e00000| Untracked 
| 119|0x0000000089f00000, 0x0000000089f00000, 0x000000008a000000|  0%| F|  |TAMS 0x0000000089f00000, 0x0000000089f00000| Untracked 
| 120|0x000000008a000000, 0x000000008a000000, 0x000000008a100000|  0%| F|  |TAMS 0x000000008a000000, 0x000000008a000000| Untracked 
| 121|0x000000008a100000, 0x000000008a100000, 0x000000008a200000|  0%| F|  |TAMS 0x000000008a100000, 0x000000008a100000| Untracked 
| 122|0x000000008a200000, 0x000000008a200000, 0x000000008a300000|  0%| F|  |TAMS 0x000000008a200000, 0x000000008a200000| Untracked 
| 123|0x000000008a300000, 0x000000008a300000, 0x000000008a400000|  0%| F|  |TAMS 0x000000008a300000, 0x000000008a300000| Untracked 
| 124|0x000000008a400000, 0x000000008a400000, 0x000000008a500000|  0%| F|  |TAMS 0x000000008a400000, 0x000000008a400000| Untracked 
| 125|0x000000008a500000, 0x000000008a500000, 0x000000008a600000|  0%| F|  |TAMS 0x000000008a500000, 0x000000008a500000| Untracked 
| 126|0x000000008a600000, 0x000000008a600000, 0x000000008a700000|  0%| F|  |TAMS 0x000000008a600000, 0x000000008a600000| Untracked 
| 127|0x000000008a700000, 0x000000008a700000, 0x000000008a800000|  0%| F|  |TAMS 0x000000008a700000, 0x000000008a700000| Untracked 
| 128|0x000000008a800000, 0x000000008a800000, 0x000000008a900000|  0%| F|  |TAMS 0x000000008a800000, 0x000000008a800000| Untracked 
| 129|0x000000008a900000, 0x000000008a900000, 0x000000008aa00000|  0%| F|  |TAMS 0x000000008a900000, 0x000000008a900000| Untracked 
| 130|0x000000008aa00000, 0x000000008aa00000, 0x000000008ab00000|  0%| F|  |TAMS 0x000000008aa00000, 0x000000008aa00000| Untracked 
| 131|0x000000008ab00000, 0x000000008ab00000, 0x000000008ac00000|  0%| F|  |TAMS 0x000000008ab00000, 0x000000008ab00000| Untracked 
| 132|0x000000008ac00000, 0x000000008ac00000, 0x000000008ad00000|  0%| F|  |TAMS 0x000000008ac00000, 0x000000008ac00000| Untracked 
| 133|0x000000008ad00000, 0x000000008ad058a8, 0x000000008ae00000|  2%| E|  |TAMS 0x000000008ad00000, 0x000000008ad00000| Complete 

Card table byte_map: [0x000002539c960000,0x000002539cd50000] _byte_map_base: 0x000002539c54c000

Marking Bits (Prev, Next): (CMBitMap*) 0x0000025396834ac0, (CMBitMap*) 0x0000025396834a80
 Prev Bits: [0x000002539f0a0000, 0x00000253a1000000)
 Next Bits: [0x000002539d140000, 0x000002539f0a0000)

Polling page: 0x0000025394680000

Metaspace:

Usage:
  Non-class:     46.49 MB used.
      Class:      7.12 MB used.
       Both:     53.60 MB used.

Virtual space:
  Non-class space:       48.00 MB reserved,      46.69 MB ( 97%) committed,  6 nodes.
      Class space:        1.00 GB reserved,       7.31 MB ( <1%) committed,  1 nodes.
             Both:        1.05 GB reserved,      54.00 MB (  5%) committed. 

Chunk freelists:
   Non-Class:  879.00 KB
       Class:  690.00 KB
        Both:  1.53 MB

MaxMetaspaceSize: unlimited
CompressedClassSpaceSize: 1.00 GB
Initial GC threshold: 21.00 MB
Current GC threshold: 89.94 MB
CDS: off
MetaspaceReclaimPolicy: balanced
 - commit_granule_bytes: 65536.
 - commit_granule_words: 8192.
 - virtual_space_node_default_size: 1048576.
 - enlarge_chunks_in_place: 1.
 - new_chunks_are_fully_committed: 0.
 - uncommit_free_chunks: 1.
 - use_allocation_guard: 0.
 - handle_deallocations: 1.


Internal statistics:

num_allocs_failed_limit: 8.
num_arena_births: 654.
num_arena_deaths: 228.
num_vsnodes_births: 7.
num_vsnodes_deaths: 0.
num_space_committed: 864.
num_space_uncommitted: 0.
num_chunks_returned_to_freelist: 281.
num_chunks_taken_from_freelist: 2536.
num_chunk_merges: 86.
num_chunk_splits: 1678.
num_chunks_enlarged: 1290.
num_purges: 20.
num_inconsistent_stats: 0.

CodeCache: size=49152Kb used=21713Kb max_used=23003Kb free=27438Kb
 bounds [0x0000025399460000, 0x000002539ab00000, 0x000002539c460000]
 total_blobs=11540 nmethods=10924 adapters=541
 compilation: enabled
              stopped_count=0, restarted_count=0
 full_count=0

Compilation events (20 events):
Event: 3710.327 Thread 0x00000253a452d5d0 11075       1       java.lang.ProcessBuilder::environment (147 bytes)
Event: 3710.360 Thread 0x00000253a452d5d0 nmethod 11075 0x000002539a970510 code [0x000002539a970760, 0x000002539a970ca8]
Event: 3710.360 Thread 0x00000253a452d5d0 11081       1       java.lang.invoke.LambdaForm$DMH/0x0000000100730400::newInvokeSpecial (23 bytes)
Event: 3710.377 Thread 0x00000253a452d5d0 nmethod 11081 0x000002539a970090 code [0x000002539a970240, 0x000002539a9703c8]
Event: 3710.377 Thread 0x00000253a452d5d0 11076   !   1       java.lang.ProcessImpl::start (733 bytes)
Event: 3710.407 Thread 0x00000253a452d5d0 nmethod 11076 0x000002539a96a890 code [0x000002539a96ae60, 0x000002539a96ddb8]
Event: 3710.741 Thread 0x00000253a452d5d0 11083   !   1       java.io.FilterOutputStream::close (183 bytes)
Event: 3710.788 Thread 0x00000253a452d5d0 nmethod 11083 0x000002539a969710 code [0x000002539a969920, 0x000002539a969df8]
Event: 3710.788 Thread 0x00000253a452d5d0 11085       1       java.lang.ProcessImpl$$Lambda$761/0x00000001006e3c68::run (8 bytes)
Event: 3710.788 Thread 0x00000253a452d5d0 nmethod 11085 0x000002539a969410 code [0x000002539a9695a0, 0x000002539a969688]
Event: 3710.788 Thread 0x00000253a452d5d0 11086       1       java.lang.ProcessImpl::lambda$new$0 (6 bytes)
Event: 3710.788 Thread 0x00000253a452d5d0 nmethod 11086 0x000002539a969110 code [0x000002539a9692a0, 0x000002539a969368]
Event: 5022.565 Thread 0x00000253a452d5d0 11088   !   1       java.lang.ProcessImpl::<init> (327 bytes)
Event: 5022.843 Thread 0x00000253a452d5d0 nmethod 11088 0x000002539a966410 code [0x000002539a966820, 0x000002539a967aa8]
Event: 6340.907 Thread 0x00000253a452d5d0 11099       1       java.lang.ProcessImpl$2::run (242 bytes)
Event: 6340.915 Thread 0x00000253a452d5d0 nmethod 11099 0x000002539a964d90 code [0x000002539a965040, 0x000002539a965dd8]
Event: 6340.915 Thread 0x00000253a452d5d0 11100       1       java.io.BufferedOutputStream::<init> (9 bytes)
Event: 6340.916 Thread 0x00000253a452d5d0 nmethod 11100 0x000002539a964810 code [0x000002539a9649a0, 0x000002539a964c78]
Event: 6340.916 Thread 0x00000253a452d5d0 11101       1       java.lang.ProcessImpl::waitFor (136 bytes)
Event: 6340.918 Thread 0x00000253a452d5d0 nmethod 11101 0x000002539a963f90 code [0x000002539a9641a0, 0x000002539a964598]

GC Heap History (20 events):
Event: 16839.363 GC heap before
{Heap before GC invocations=1630 (full 1531):
 garbage-first heap   total 137216K, used 41115K [0x0000000082800000, 0x0000000100000000)
  region size 1024K, 1 young (1024K), 0 survivors (0K)
 Metaspace       used 54890K, committed 55296K, reserved 1097728K
  class space    used 7288K, committed 7488K, reserved 1048576K
}
Event: 16839.409 GC heap after
{Heap after GC invocations=1631 (full 1532):
 garbage-first heap   total 137216K, used 41115K [0x0000000082800000, 0x0000000100000000)
  region size 1024K, 0 young (0K), 0 survivors (0K)
 Metaspace       used 54890K, committed 55296K, reserved 1097728K
  class space    used 7288K, committed 7488K, reserved 1048576K
}
Event: 16849.557 GC heap before
{Heap before GC invocations=1631 (full 1532):
 garbage-first heap   total 137216K, used 41115K [0x0000000082800000, 0x0000000100000000)
  region size 1024K, 1 young (1024K), 0 survivors (0K)
 Metaspace       used 54890K, committed 55296K, reserved 1097728K
  class space    used 7288K, committed 7488K, reserved 1048576K
}
Event: 16849.594 GC heap after
{Heap after GC invocations=1632 (full 1533):
 garbage-first heap   total 137216K, used 41115K [0x0000000082800000, 0x0000000100000000)
  region size 1024K, 0 young (0K), 0 survivors (0K)
 Metaspace       used 54890K, committed 55296K, reserved 1097728K
  class space    used 7288K, committed 7488K, reserved 1048576K
}
Event: 16860.014 GC heap before
{Heap before GC invocations=1632 (full 1533):
 garbage-first heap   total 137216K, used 41115K [0x0000000082800000, 0x0000000100000000)
  region size 1024K, 1 young (1024K), 0 survivors (0K)
 Metaspace       used 54890K, committed 55296K, reserved 1097728K
  class space    used 7288K, committed 7488K, reserved 1048576K
}
Event: 16860.044 GC heap after
{Heap after GC invocations=1633 (full 1534):
 garbage-first heap   total 137216K, used 41115K [0x0000000082800000, 0x0000000100000000)
  region size 1024K, 0 young (0K), 0 survivors (0K)
 Metaspace       used 54890K, committed 55296K, reserved 1097728K
  class space    used 7288K, committed 7488K, reserved 1048576K
}
Event: 16870.202 GC heap before
{Heap before GC invocations=1633 (full 1534):
 garbage-first heap   total 137216K, used 41115K [0x0000000082800000, 0x0000000100000000)
  region size 1024K, 1 young (1024K), 0 survivors (0K)
 Metaspace       used 54890K, committed 55296K, reserved 1097728K
  class space    used 7288K, committed 7488K, reserved 1048576K
}
Event: 16870.245 GC heap after
{Heap after GC invocations=1634 (full 1535):
 garbage-first heap   total 137216K, used 41115K [0x0000000082800000, 0x0000000100000000)
  region size 1024K, 0 young (0K), 0 survivors (0K)
 Metaspace       used 54890K, committed 55296K, reserved 1097728K
  class space    used 7288K, committed 7488K, reserved 1048576K
}
Event: 16880.521 GC heap before
{Heap before GC invocations=1634 (full 1535):
 garbage-first heap   total 137216K, used 41115K [0x0000000082800000, 0x0000000100000000)
  region size 1024K, 1 young (1024K), 0 survivors (0K)
 Metaspace       used 54890K, committed 55296K, reserved 1097728K
  class space    used 7288K, committed 7488K, reserved 1048576K
}
Event: 16880.556 GC heap after
{Heap after GC invocations=1635 (full 1536):
 garbage-first heap   total 137216K, used 41115K [0x0000000082800000, 0x0000000100000000)
  region size 1024K, 0 young (0K), 0 survivors (0K)
 Metaspace       used 54890K, committed 55296K, reserved 1097728K
  class space    used 7288K, committed 7488K, reserved 1048576K
}
Event: 16890.695 GC heap before
{Heap before GC invocations=1635 (full 1536):
 garbage-first heap   total 137216K, used 41115K [0x0000000082800000, 0x0000000100000000)
  region size 1024K, 1 young (1024K), 0 survivors (0K)
 Metaspace       used 54890K, committed 55296K, reserved 1097728K
  class space    used 7288K, committed 7488K, reserved 1048576K
}
Event: 16890.732 GC heap after
{Heap after GC invocations=1636 (full 1537):
 garbage-first heap   total 137216K, used 41115K [0x0000000082800000, 0x0000000100000000)
  region size 1024K, 0 young (0K), 0 survivors (0K)
 Metaspace       used 54890K, committed 55296K, reserved 1097728K
  class space    used 7288K, committed 7488K, reserved 1048576K
}
Event: 16900.872 GC heap before
{Heap before GC invocations=1636 (full 1537):
 garbage-first heap   total 137216K, used 41115K [0x0000000082800000, 0x0000000100000000)
  region size 1024K, 1 young (1024K), 0 survivors (0K)
 Metaspace       used 54890K, committed 55296K, reserved 1097728K
  class space    used 7288K, committed 7488K, reserved 1048576K
}
Event: 16900.912 GC heap after
{Heap after GC invocations=1637 (full 1538):
 garbage-first heap   total 137216K, used 41115K [0x0000000082800000, 0x0000000100000000)
  region size 1024K, 0 young (0K), 0 survivors (0K)
 Metaspace       used 54890K, committed 55296K, reserved 1097728K
  class space    used 7288K, committed 7488K, reserved 1048576K
}
Event: 16911.083 GC heap before
{Heap before GC invocations=1637 (full 1538):
 garbage-first heap   total 137216K, used 41115K [0x0000000082800000, 0x0000000100000000)
  region size 1024K, 1 young (1024K), 0 survivors (0K)
 Metaspace       used 54890K, committed 55296K, reserved 1097728K
  class space    used 7288K, committed 7488K, reserved 1048576K
}
Event: 16911.116 GC heap after
{Heap after GC invocations=1638 (full 1539):
 garbage-first heap   total 137216K, used 41115K [0x0000000082800000, 0x0000000100000000)
  region size 1024K, 0 young (0K), 0 survivors (0K)
 Metaspace       used 54890K, committed 55296K, reserved 1097728K
  class space    used 7288K, committed 7488K, reserved 1048576K
}
Event: 16921.274 GC heap before
{Heap before GC invocations=1638 (full 1539):
 garbage-first heap   total 137216K, used 41115K [0x0000000082800000, 0x0000000100000000)
  region size 1024K, 1 young (1024K), 0 survivors (0K)
 Metaspace       used 54890K, committed 55296K, reserved 1097728K
  class space    used 7288K, committed 7488K, reserved 1048576K
}
Event: 16921.320 GC heap after
{Heap after GC invocations=1639 (full 1540):
 garbage-first heap   total 137216K, used 41115K [0x0000000082800000, 0x0000000100000000)
  region size 1024K, 0 young (0K), 0 survivors (0K)
 Metaspace       used 54890K, committed 55296K, reserved 1097728K
  class space    used 7288K, committed 7488K, reserved 1048576K
}
Event: 16931.881 GC heap before
{Heap before GC invocations=1639 (full 1540):
 garbage-first heap   total 137216K, used 41115K [0x0000000082800000, 0x0000000100000000)
  region size 1024K, 1 young (1024K), 0 survivors (0K)
 Metaspace       used 54890K, committed 55296K, reserved 1097728K
  class space    used 7288K, committed 7488K, reserved 1048576K
}
Event: 16931.921 GC heap after
{Heap after GC invocations=1640 (full 1541):
 garbage-first heap   total 137216K, used 41115K [0x0000000082800000, 0x0000000100000000)
  region size 1024K, 0 young (0K), 0 survivors (0K)
 Metaspace       used 54890K, committed 55296K, reserved 1097728K
  class space    used 7288K, committed 7488K, reserved 1048576K
}

Dll operation events (8 events):
Event: 0.030 Loaded shared library c:\Users\Maiky\.vscode\extensions\redhat.java-1.13.0-win32-x64\jre\17.0.5-win32-x86_64\bin\java.dll
Event: 1.305 Loaded shared library C:\Users\Maiky\.vscode\extensions\redhat.java-1.13.0-win32-x64\jre\17.0.5-win32-x86_64\bin\net.dll
Event: 1.311 Loaded shared library C:\Users\Maiky\.vscode\extensions\redhat.java-1.13.0-win32-x64\jre\17.0.5-win32-x86_64\bin\nio.dll
Event: 1.328 Loaded shared library C:\Users\Maiky\.vscode\extensions\redhat.java-1.13.0-win32-x64\jre\17.0.5-win32-x86_64\bin\zip.dll
Event: 1.653 Loaded shared library c:\Users\Maiky\.vscode\extensions\redhat.java-1.13.0-win32-x64\jre\17.0.5-win32-x86_64\bin\verify.dll
Event: 1.666 Loaded shared library C:\Users\Maiky\.vscode\extensions\redhat.java-1.13.0-win32-x64\jre\17.0.5-win32-x86_64\bin\jimage.dll
Event: 3.343 Loaded shared library C:\Users\Maiky\.vscode\extensions\redhat.java-1.13.0-win32-x64\jre\17.0.5-win32-x86_64\bin\management.dll
Event: 3.349 Loaded shared library C:\Users\Maiky\.vscode\extensions\redhat.java-1.13.0-win32-x64\jre\17.0.5-win32-x86_64\bin\management_ext.dll

Deoptimization events (20 events):
Event: 1763.689 Thread 0x00000253a672d410 DEOPT PACKING pc=0x000002539a27683c sp=0x000000eda6dfdcc0
Event: 1763.689 Thread 0x00000253a672d410 DEOPT UNPACKING pc=0x00000253994b2b43 sp=0x000000eda6dfd1a8 mode 0
Event: 1763.690 Thread 0x00000253a672d410 DEOPT PACKING pc=0x000002539a1f597f sp=0x000000eda6dfdb10
Event: 1763.690 Thread 0x00000253a672d410 DEOPT UNPACKING pc=0x00000253994b2b43 sp=0x000000eda6dfd230 mode 3
Event: 1791.733 Thread 0x00000253a6725bc0 DEOPT PACKING pc=0x000002539a729018 sp=0x000000eda84fe110
Event: 1791.734 Thread 0x00000253a6725bc0 DEOPT UNPACKING pc=0x00000253994b2b43 sp=0x000000eda84fd600 mode 3
Event: 1815.270 Thread 0x00000253a672c5a0 DEOPT PACKING pc=0x000002539a2bb084 sp=0x000000eda9bfe2d0
Event: 1815.270 Thread 0x00000253a672c5a0 DEOPT UNPACKING pc=0x00000253994b2b43 sp=0x000000eda9bfd748 mode 0
Event: 1850.085 Thread 0x00000253a6725bc0 DEOPT PACKING pc=0x000002539a876115 sp=0x000000eda84fd700
Event: 1850.085 Thread 0x00000253a6725bc0 DEOPT UNPACKING pc=0x00000253994b2b43 sp=0x000000eda84fcb88 mode 3
Event: 1895.567 Thread 0x00000253a6728be0 DEOPT PACKING pc=0x000002539a81f01d sp=0x000000eda6ffda50
Event: 1895.567 Thread 0x00000253a6728be0 DEOPT UNPACKING pc=0x00000253994b2b43 sp=0x000000eda6ffcf80 mode 3
Event: 1906.281 Thread 0x00000253a672c5a0 DEOPT PACKING pc=0x000002539a4ce20f sp=0x000000eda9bfe700
Event: 1906.281 Thread 0x00000253a672c5a0 DEOPT UNPACKING pc=0x00000253994b2b43 sp=0x000000eda9bfdc50 mode 3
Event: 2036.353 Thread 0x00000253a6728be0 DEOPT PACKING pc=0x00000253997899a4 sp=0x000000eda6dfde90
Event: 2036.353 Thread 0x00000253a6728be0 DEOPT UNPACKING pc=0x00000253994b2b43 sp=0x000000eda6dfd3b8 mode 0
Event: 2052.995 Thread 0x00000253a672d410 DEOPT PACKING pc=0x000002539a83ceab sp=0x000000eda6efe030
Event: 2052.995 Thread 0x00000253a672d410 DEOPT UNPACKING pc=0x00000253994b2b43 sp=0x000000eda6efd530 mode 3
Event: 2053.190 Thread 0x00000253a672d410 DEOPT PACKING pc=0x000002539a1f683b sp=0x000000eda6efe1b0
Event: 2053.190 Thread 0x00000253a672d410 DEOPT UNPACKING pc=0x00000253994b2b43 sp=0x000000eda6efd680 mode 3

Classes unloaded (20 events):
Event: 1081.351 Thread 0x00000253a3ad2910 Unloading class 0x0000000100747000 'jdk/internal/reflect/GeneratedMethodAccessor36'
Event: 1081.351 Thread 0x00000253a3ad2910 Unloading class 0x0000000100746c00 'jdk/internal/reflect/GeneratedMethodAccessor35'
Event: 2014.063 Thread 0x00000253a3ad2910 Unloading class 0x000000010020b800 'jdk/internal/reflect/GeneratedConstructorAccessor54'
Event: 2014.063 Thread 0x00000253a3ad2910 Unloading class 0x000000010020ac00 'jdk/internal/reflect/GeneratedConstructorAccessor53'
Event: 2014.063 Thread 0x00000253a3ad2910 Unloading class 0x00000001000d2000 'jdk/internal/reflect/GeneratedMethodAccessor49'
Event: 2014.063 Thread 0x00000253a3ad2910 Unloading class 0x00000001000d1000 'jdk/internal/reflect/GeneratedConstructorAccessor51'
Event: 2014.063 Thread 0x00000253a3ad2910 Unloading class 0x0000000100731400 'jdk/internal/reflect/GeneratedMethodAccessor48'
Event: 2014.063 Thread 0x00000253a3ad2910 Unloading class 0x000000010073cc00 'jdk/internal/reflect/GeneratedConstructorAccessor50'
Event: 2014.063 Thread 0x00000253a3ad2910 Unloading class 0x0000000100746c00 'jdk/internal/reflect/GeneratedMethodAccessor47'
Event: 2014.063 Thread 0x00000253a3ad2910 Unloading class 0x0000000100748c00 'jdk/internal/reflect/GeneratedMethodAccessor46'
Event: 2014.063 Thread 0x00000253a3ad2910 Unloading class 0x0000000100749000 'jdk/internal/reflect/GeneratedMethodAccessor45'
Event: 2335.398 Thread 0x00000253a3ad2910 Unloading class 0x0000000100746c00 'jdk/internal/reflect/GeneratedMethodAccessor58'
Event: 2335.398 Thread 0x00000253a3ad2910 Unloading class 0x000000010073cc00 'jdk/internal/reflect/GeneratedConstructorAccessor62'
Event: 2335.398 Thread 0x00000253a3ad2910 Unloading class 0x0000000100731400 'jdk/internal/reflect/GeneratedMethodAccessor57'
Event: 2335.398 Thread 0x00000253a3ad2910 Unloading class 0x00000001000d1000 'jdk/internal/reflect/GeneratedConstructorAccessor61'
Event: 2335.398 Thread 0x00000253a3ad2910 Unloading class 0x00000001000d2000 'jdk/internal/reflect/GeneratedMethodAccessor56'
Event: 2335.398 Thread 0x00000253a3ad2910 Unloading class 0x000000010020ac00 'jdk/internal/reflect/GeneratedMethodAccessor55'
Event: 2335.398 Thread 0x00000253a3ad2910 Unloading class 0x000000010020b800 'jdk/internal/reflect/GeneratedMethodAccessor54'
Event: 2367.679 Thread 0x00000253a3ad2910 Unloading class 0x0000000100749000 'jdk/internal/reflect/GeneratedConstructorAccessor64'
Event: 2367.679 Thread 0x00000253a3ad2910 Unloading class 0x0000000100748c00 'jdk/internal/reflect/GeneratedConstructorAccessor63'

Classes redefined (0 events):
No events

Internal exceptions (20 events):
Event: 2230.509 Thread 0x00000253a672d410 Implicit null exception at 0x0000025399d8b724 to 0x0000025399d8c5d2
Event: 2230.509 Thread 0x00000253a672d410 Exception <a 'java/lang/NullPointerException'{0x0000000089daefd8}> (0x0000000089daefd8) 
thrown [s\src\hotspot\share\runtime\sharedRuntime.cpp, line 628]
Event: 2230.509 Thread 0x00000253a672d410 Exception <a 'java/lang/ClassCastException'{0x0000000089de74f8}> (0x0000000089de74f8) 
thrown [s\src\hotspot\share\runtime\sharedRuntime.cpp, line 628]
Event: 2230.510 Thread 0x00000253a672d410 Implicit null exception at 0x0000025399d8b724 to 0x0000025399d8c5d2
Event: 2230.510 Thread 0x00000253a672d410 Exception <a 'java/lang/NullPointerException'{0x0000000089dfe058}> (0x0000000089dfe058) 
thrown [s\src\hotspot\share\runtime\sharedRuntime.cpp, line 628]
Event: 2230.510 Thread 0x00000253a672d410 Implicit null exception at 0x0000025399d8b724 to 0x0000025399d8c5d2
Event: 2230.510 Thread 0x00000253a672d410 Exception <a 'java/lang/NullPointerException'{0x0000000089c00c58}> (0x0000000089c00c58) 
thrown [s\src\hotspot\share\runtime\sharedRuntime.cpp, line 628]
Event: 2230.510 Thread 0x00000253a672d410 Implicit null exception at 0x0000025399d8b724 to 0x0000025399d8c5d2
Event: 2230.510 Thread 0x00000253a672d410 Exception <a 'java/lang/NullPointerException'{0x0000000089c024f8}> (0x0000000089c024f8) 
thrown [s\src\hotspot\share\runtime\sharedRuntime.cpp, line 628]
Event: 2230.510 Thread 0x00000253a672d410 Implicit null exception at 0x0000025399d8b724 to 0x0000025399d8c5d2
Event: 2230.510 Thread 0x00000253a672d410 Exception <a 'java/lang/NullPointerException'{0x0000000089c03930}> (0x0000000089c03930) 
thrown [s\src\hotspot\share\runtime\sharedRuntime.cpp, line 628]
Event: 2230.510 Thread 0x00000253a672d410 Exception <a 'java/lang/ClassCastException'{0x0000000089c11f28}> (0x0000000089c11f28) 
thrown [s\src\hotspot\share\runtime\sharedRuntime.cpp, line 628]
Event: 2230.510 Thread 0x00000253a672d410 Exception <a 'java/lang/ClassCastException'{0x0000000089c3b2e8}> (0x0000000089c3b2e8) 
thrown [s\src\hotspot\share\runtime\sharedRuntime.cpp, line 628]
Event: 2230.510 Thread 0x00000253a672d410 Exception <a 'java/lang/ClassCastException'{0x0000000089c420a8}> (0x0000000089c420a8) 
thrown [s\src\hotspot\share\runtime\sharedRuntime.cpp, line 628]
Event: 2230.511 Thread 0x00000253a672d410 Exception <a 'java/lang/ClassCastException'{0x0000000089c58d30}> (0x0000000089c58d30) 
thrown [s\src\hotspot\share\runtime\sharedRuntime.cpp, line 628]
Event: 2230.511 Thread 0x00000253a672d410 Exception <a 'java/lang/ClassCastException'{0x0000000089c596f8}> (0x0000000089c596f8) 
thrown [s\src\hotspot\share\runtime\sharedRuntime.cpp, line 628]
Event: 2230.523 Thread 0x00000253a672d410 Implicit null exception at 0x0000025399d8b724 to 0x0000025399d8c5d2
Event: 2230.523 Thread 0x00000253a672d410 Exception <a 'java/lang/NullPointerException'{0x00000000897bd278}> (0x00000000897bd278) 
thrown [s\src\hotspot\share\runtime\sharedRuntime.cpp, line 628]
Event: 2230.524 Thread 0x00000253a672d410 Exception <a 'java/lang/ClassCastException'{0x0000000089647600}> (0x0000000089647600) 
thrown [s\src\hotspot\share\runtime\sharedRuntime.cpp, line 628]
Event: 2230.524 Thread 0x00000253a672d410 Exception <a 'java/lang/ClassCastException'{0x0000000089647fc8}> (0x0000000089647fc8) 
thrown [s\src\hotspot\share\runtime\sharedRuntime.cpp, line 628]

VM Operations (20 events):
Event: 16839.409 Executing VM operation: G1CollectFull done
Event: 16849.556 Executing VM operation: G1CollectFull
Event: 16849.594 Executing VM operation: G1CollectFull done
Event: 16860.014 Executing VM operation: G1CollectFull
Event: 16860.044 Executing VM operation: G1CollectFull done
Event: 16870.202 Executing VM operation: G1CollectFull
Event: 16870.245 Executing VM operation: G1CollectFull done
Event: 16880.521 Executing VM operation: G1CollectFull
Event: 16880.556 Executing VM operation: G1CollectFull done
Event: 16890.694 Executing VM operation: G1CollectFull
Event: 16890.732 Executing VM operation: G1CollectFull done
Event: 16900.872 Executing VM operation: G1CollectFull
Event: 16900.912 Executing VM operation: G1CollectFull done
Event: 16911.083 Executing VM operation: G1CollectFull
Event: 16911.116 Executing VM operation: G1CollectFull done
Event: 16921.273 Executing VM operation: G1CollectFull
Event: 16921.320 Executing VM operation: G1CollectFull done
Event: 16931.880 Executing VM operation: G1CollectFull
Event: 16931.921 Executing VM operation: G1CollectFull done
Event: 16942.022 Executing VM operation: G1CollectFull

Events (20 events):
Event: 2070.037 Thread 0x00000253a4729df0 Thread exited: 0x00000253a4729df0
Event: 2074.752 Thread 0x00000253a67290b0 Thread exited: 0x00000253a67290b0
Event: 2075.044 Thread 0x00000253a4be89c0 Thread exited: 0x00000253a4be89c0
Event: 2078.889 Thread 0x00000253a6727d70 Thread added: 0x00000253a6727d70
Event: 2086.781 Thread 0x00000253a686d020 Thread added: 0x00000253a686d020
Event: 2088.334 Thread 0x00000253a686d020 Thread exited: 0x00000253a686d020
Event: 2134.754 Thread 0x00000253a6727d70 Thread exited: 0x00000253a6727d70
Event: 2138.379 Thread 0x00000253a6726560 Thread exited: 0x00000253a6726560
Event: 2139.077 Thread 0x00000253a6729580 Thread added: 0x00000253a6729580
Event: 2140.570 Thread 0x00000253a6727d70 Thread added: 0x00000253a6727d70
Event: 2164.747 Thread 0x00000253a6727d70 Thread exited: 0x00000253a6727d70
Event: 2230.492 Thread 0x00000253a6726560 Thread added: 0x00000253a6726560
Event: 2254.744 Thread 0x00000253a6726560 Thread exited: 0x00000253a6726560
Event: 2256.015 Thread 0x00000253a6729f20 Thread added: 0x00000253a6729f20
Event: 2276.441 Thread 0x00000253a6728be0 Thread exited: 0x00000253a6728be0
Event: 2284.752 Thread 0x00000253a6729f20 Thread exited: 0x00000253a6729f20
Event: 2332.164 Thread 0x00000253a672d410 Thread exited: 0x00000253a672d410
Event: 2332.857 Thread 0x00000253a6729580 Thread exited: 0x00000253a6729580
Event: 5022.870 Thread 0x00000253a4e1a590 Thread added: 0x00000253a4e1a590
Event: 5027.908 Thread 0x00000253a4e1a590 Thread exited: 0x00000253a4e1a590


Dynamic libraries:
0x00007ff6557d0000 - 0x00007ff6557de000 	c:\Users\Maiky\.vscode\extensions\redhat.java-1.13.0-win32-x64\jre\17.0.5-win32-x86_64\bin\java.exe
0x00007ffff4f30000 - 0x00007ffff5128000 	C:\WINDOWS\SYSTEM32\ntdll.dll
0x00007ffff41d0000 - 0x00007ffff428d000 	C:\WINDOWS\System32\KERNEL32.DLL
0x00007ffff2b90000 - 0x00007ffff2e62000 	C:\WINDOWS\System32\KERNELBASE.dll
0x00007ffff2770000 - 0x00007ffff2870000 	C:\WINDOWS\System32\ucrtbase.dll
0x00007fffeda00000 - 0x00007fffeda19000 	c:\Users\Maiky\.vscode\extensions\redhat.java-1.13.0-win32-x64\jre\17.0.5-win32-x86_64\bin\VCRUNTIME140.dll
0x00007fffedf60000 - 0x00007fffedf77000 	c:\Users\Maiky\.vscode\extensions\redhat.java-1.13.0-win32-x64\jre\17.0.5-win32-x86_64\bin\jli.dll
0x00007ffff2f90000 - 0x00007ffff312d000 	C:\WINDOWS\System32\USER32.dll
0x00007fffd6940000 - 0x00007fffd6bda000 	C:\WINDOWS\WinSxS\amd64_microsoft.windows.common-controls_6595b64144ccf1df_6.0.19041.1110_none_60b5254171f9507e\COMCTL32.dll
0x00007ffff2ec0000 - 0x00007ffff2ee2000 	C:\WINDOWS\System32\win32u.dll
0x00007ffff3bc0000 - 0x00007ffff3c5e000 	C:\WINDOWS\System32\msvcrt.dll
0x00007ffff4540000 - 0x00007ffff456b000 	C:\WINDOWS\System32\GDI32.dll
0x00007ffff2920000 - 0x00007ffff2a2f000 	C:\WINDOWS\System32\gdi32full.dll
0x00007ffff2ef0000 - 0x00007ffff2f8d000 	C:\WINDOWS\System32\msvcp_win.dll
0x00007ffff3880000 - 0x00007ffff38b0000 	C:\WINDOWS\System32\IMM32.DLL
0x00007fffedf30000 - 0x00007fffedf3c000 	c:\Users\Maiky\.vscode\extensions\redhat.java-1.13.0-win32-x64\jre\17.0.5-win32-x86_64\bin\vcruntime140_1.dll
0x00007fffe4550000 - 0x00007fffe45e1000 	c:\Users\Maiky\.vscode\extensions\redhat.java-1.13.0-win32-x64\jre\17.0.5-win32-x86_64\bin\msvcp140.dll
0x00007fff9e820000 - 0x00007fff9f464000 	c:\Users\Maiky\.vscode\extensions\redhat.java-1.13.0-win32-x64\jre\17.0.5-win32-x86_64\bin\server\jvm.dll
0x00007ffff4120000 - 0x00007ffff41ce000 	C:\WINDOWS\System32\ADVAPI32.dll
0x00007ffff4350000 - 0x00007ffff43ec000 	C:\WINDOWS\System32\sechost.dll
0x00007ffff3910000 - 0x00007ffff3a35000 	C:\WINDOWS\System32\RPCRT4.dll
0x00007fffd1090000 - 0x00007fffd1099000 	C:\WINDOWS\SYSTEM32\WSOCK32.dll
0x00007ffff44c0000 - 0x00007ffff452b000 	C:\WINDOWS\System32\WS2_32.dll
0x00007fffe90f0000 - 0x00007fffe9117000 	C:\WINDOWS\SYSTEM32\WINMM.dll
0x00007fffea910000 - 0x00007fffea91a000 	C:\WINDOWS\SYSTEM32\VERSION.dll
0x00007ffff0e90000 - 0x00007ffff0ea2000 	C:\WINDOWS\SYSTEM32\kernel.appcore.dll
0x00007fffedab0000 - 0x00007fffedaba000 	c:\Users\Maiky\.vscode\extensions\redhat.java-1.13.0-win32-x64\jre\17.0.5-win32-x86_64\bin\jimage.dll
0x00007ffff03e0000 - 0x00007ffff05c4000 	C:\WINDOWS\SYSTEM32\DBGHELP.DLL
0x00007fffedb20000 - 0x00007fffedb4c000 	C:\WINDOWS\SYSTEM32\dbgcore.DLL
0x00007ffff26e0000 - 0x00007ffff2762000 	C:\WINDOWS\System32\bcryptPrimitives.dll
0x00007fffe8f60000 - 0x00007fffe8f85000 	c:\Users\Maiky\.vscode\extensions\redhat.java-1.13.0-win32-x64\jre\17.0.5-win32-x86_64\bin\java.dll
0x00007fffea560000 - 0x00007fffea578000 	c:\Users\Maiky\.vscode\extensions\redhat.java-1.13.0-win32-x64\jre\17.0.5-win32-x86_64\bin\zip.dll
0x00007ffff3130000 - 0x00007ffff3873000 	C:\WINDOWS\System32\SHELL32.dll
0x00007ffff06e0000 - 0x00007ffff0e71000 	C:\WINDOWS\SYSTEM32\windows.storage.dll
0x00007ffff4720000 - 0x00007ffff4a74000 	C:\WINDOWS\System32\combase.dll
0x00007ffff1fc0000 - 0x00007ffff1ff0000 	C:\WINDOWS\SYSTEM32\Wldp.dll
0x00007ffff3ab0000 - 0x00007ffff3b5d000 	C:\WINDOWS\System32\SHCORE.dll
0x00007ffff3b60000 - 0x00007ffff3bb5000 	C:\WINDOWS\System32\shlwapi.dll
0x00007ffff2580000 - 0x00007ffff259f000 	C:\WINDOWS\SYSTEM32\profapi.dll
0x00007fffe90a0000 - 0x00007fffe90b9000 	C:\Users\Maiky\.vscode\extensions\redhat.java-1.13.0-win32-x64\jre\17.0.5-win32-x86_64\bin\net.dll
0x00007fffe41c0000 - 0x00007fffe42cd000 	C:\WINDOWS\SYSTEM32\WINHTTP.dll
0x00007ffff1d20000 - 0x00007ffff1d8a000 	C:\WINDOWS\system32\mswsock.dll
0x00007fffe9000000 - 0x00007fffe9015000 	C:\Users\Maiky\.vscode\extensions\redhat.java-1.13.0-win32-x64\jre\17.0.5-win32-x86_64\bin\nio.dll
0x00007fffed960000 - 0x00007fffed970000 	c:\Users\Maiky\.vscode\extensions\redhat.java-1.13.0-win32-x64\jre\17.0.5-win32-x86_64\bin\verify.dll
0x00007fffebd60000 - 0x00007fffebd69000 	C:\Users\Maiky\.vscode\extensions\redhat.java-1.13.0-win32-x64\jre\17.0.5-win32-x86_64\bin\management.dll
0x00007fffebcc0000 - 0x00007fffebccb000 	C:\Users\Maiky\.vscode\extensions\redhat.java-1.13.0-win32-x64\jre\17.0.5-win32-x86_64\bin\management_ext.dll
0x00007ffff4530000 - 0x00007ffff4538000 	C:\WINDOWS\System32\PSAPI.DLL
0x00007fffc9550000 - 0x00007fffc9567000 	C:\WINDOWS\system32\napinsp.dll
0x00007fffc8430000 - 0x00007fffc844b000 	C:\WINDOWS\system32\pnrpnsp.dll
0x00007fffc7830000 - 0x00007fffc7845000 	C:\WINDOWS\system32\wshbth.dll
0x00007fffed910000 - 0x00007fffed92d000 	C:\WINDOWS\system32\NLAapi.dll
0x00007ffff1a10000 - 0x00007ffff1a4b000 	C:\WINDOWS\SYSTEM32\IPHLPAPI.DLL
0x00007ffff1a50000 - 0x00007ffff1b1a000 	C:\WINDOWS\SYSTEM32\DNSAPI.dll
0x00007ffff4290000 - 0x00007ffff4298000 	C:\WINDOWS\System32\NSI.dll
0x00007fffc7810000 - 0x00007fffc7822000 	C:\WINDOWS\System32\winrnr.dll
0x00007fffe3e80000 - 0x00007fffe3e8a000 	C:\Windows\System32\rasadhlp.dll
0x00007fffe37d0000 - 0x00007fffe3850000 	C:\WINDOWS\System32\fwpuclnt.dll
0x00007ffff26b0000 - 0x00007ffff26d7000 	C:\WINDOWS\System32\bcrypt.dll
0x00007ffff1f10000 - 0x00007ffff1f28000 	C:\WINDOWS\SYSTEM32\CRYPTSP.dll
0x00007ffff1640000 - 0x00007ffff1674000 	C:\WINDOWS\system32\rsaenh.dll
0x00007ffff2540000 - 0x00007ffff256e000 	C:\WINDOWS\SYSTEM32\USERENV.dll
0x00007ffff1f30000 - 0x00007ffff1f3c000 	C:\WINDOWS\SYSTEM32\CRYPTBASE.dll
0x00007fffea280000 - 0x00007fffea297000 	C:\WINDOWS\SYSTEM32\dhcpcsvc6.DLL
0x00007fffea260000 - 0x00007fffea27d000 	C:\WINDOWS\SYSTEM32\dhcpcsvc.DLL

dbghelp: loaded successfully - version: 4.0.5 - missing functions: none
symbol engine: initialized successfully - sym options: 0x614 - pdb path: .;c:\Users\Maiky\.vscode\extensions\redhat.java-1.13.0-win32-x64\jre\17.0.5-win32-x86_64\bin;C:\WINDOWS\SYSTEM32;C:\WINDOWS\WinSxS\amd64_microsoft.windows.common-controls_6595b64144ccf1df_6.0.19041.1110_none_60b5254171f9507e;c:\Users\Maiky\.vscode\extensions\redhat.java-1.13.0-win32-x64\jre\17.0.5-win32-x86_64\bin\server

VM Arguments:
jvm_args: -Dsts.lsp.client=vscode -Dsts.log.file=/dev/null -XX:TieredStopAtLevel=1 -Xlog:jni+resolve=off -Dspring.config.location=file:c:\Users\Maiky\.vscode\extensions\pivotal.vscode-spring-boot-1.40.0\language-server\BOOT-INF\classes\application.properties 
java_command: org.springframework.ide.vscode.boot.app.BootLanguageServerBootApp
java_class_path (initial): c:\Users\Maiky\.vscode\extensions\pivotal.vscode-spring-boot-1.40.0\language-server\BOOT-INF\classes;c:\Users\Maiky\.vscode\extensions\pivotal.vscode-spring-boot-1.40.0\language-server\BOOT-INF\lib\annotations-23.0.0.jar;c:\Users\Maiky\.vscode\extensions\pivotal.vscode-spring-boot-1.40.0\language-server\BOOT-INF\lib\ant-1.10.12.jar;c:\Users\Maiky\.vscode\extensions\pivotal.vscode-spring-boot-1.40.0\language-server\BOOT-INF\lib\ant-launcher-1.10.12.jar;c:\Users\Maiky\.vscode\extensions\pivotal.vscode-spring-boot-1.40.0\language-server\BOOT-INF\lib\antlr-runtime-3.5.2.jar;c:\Users\Maiky\.vscode\extensions\pivotal.vscode-spring-boot-1.40.0\language-server\BOOT-INF\lib\antlr4-4.9.3.jar;c:\Users\Maiky\.vscode\extensions\pivotal.vscode-spring-boot-1.40.0\language-server\BOOT-INF\lib\antlr4-runtime-4.9.3.jar;c:\Users\Maiky\.vscode\extensions\pivotal.vscode-spring-boot-1.40.0\language-server\BOOT-INF\lib\asm-9.3.jar;c:\Users\Maiky\.vscode\extensions\pivotal.vscode-spring-boot-1.40.0\language-server\BOOT-INF\lib\asm-analysis-9.3.jar;c:\Users\Maiky\.vscode\extensions\pivotal.vscode-spring-boot-1.40.0\language-server\BOOT-INF\lib\asm-tree-9.3.jar;c:\Users\Maiky\.vscode\extensions\pivotal.vscode-spring-boot-1.40.0\language-server\BOOT-INF\lib\asm-util-9.3.jar;c:\Users\Maiky\.vscode\extensions\pivotal.vscode-spring-boot-1.40.0\language-server\BOOT-INF\lib\byte-buddy-1.12.13.jar;c:\Users\Maiky\.vscode\extensions\pivotal.vscode-spring-boot-1.40.0\language-server\BOOT-INF\lib\caffeine-2.9.3.jar;c:\Users\Maiky\.vscode\extensions\pivotal.vscode-spring-boot-1.40.0\language-server\BOOT-INF\lib\checker-qual-3.12.0.jar;c:\Users\Maiky\.vscode\extensions\pivotal.vscode-spring-boot-1.40.0\language-server\BOOT-INF\lib\classgraph-4.8.149.jar;c:\Users\Maiky\.vscode\extensions\pivotal.vscode-spring-boot-1.40.0\language-server\BOOT-INF\lib\commons-codec-1.15.jar;c:\Users\Maiky\.vscode\extensions\pivotal.vscode-spring-boot-1.40.0\language-server\BOOT-INF\lib\commons-c
Launcher Type: SUN_STANDARD

[Global flags]
     intx CICompilerCount                          = 4                                         {product} {ergonomic}
     uint ConcGCThreads                            = 2                                         {product} {ergonomic}
     uint G1ConcRefinementThreads                  = 8                                         {product} {ergonomic}
   size_t G1HeapRegionSize                         = 1048576                                   {product} {ergonomic}
    uintx GCDrainStackTargetSize                   = 64                                        {product} {ergonomic}
   size_t InitialHeapSize                          = 132120576                                 {product} {ergonomic}
   size_t MarkStackSize                            = 4194304                                   {product} {ergonomic}
   size_t MaxHeapSize                              = 2105540608                                {product} {ergonomic}
   size_t MaxNewSize                               = 1262485504                                {product} {ergonomic}
   size_t MinHeapDeltaBytes                        = 1048576                                   {product} {ergonomic}
   size_t MinHeapSize                              = 8388608                                   {product} {ergonomic}
    uintx NonProfiledCodeHeapSize                  = 0                                      {pd product} {ergonomic}
     bool ProfileInterpreter                       = false                                  {pd product} {command line}
    uintx ProfiledCodeHeapSize                     = 0                                      {pd product} {ergonomic}
   size_t SoftMaxHeapSize                          = 2105540608                             {manageable} {ergonomic}
     intx TieredStopAtLevel                        = 1                                         {product} {command line}
     bool UseCompressedClassPointers               = true                           {product lp64_product} {ergonomic}
     bool UseCompressedOops                        = true                           {product lp64_product} {ergonomic}
     bool UseG1GC                                  = true                                      {product} {ergonomic}
     bool UseLargePagesIndividualAllocation        = false                                  {pd product} {ergonomic}

Logging:
Log output configuration:
 #0: stdout all=warning,jni+resolve=off uptime,level,tags
 #1: stderr all=off uptime,level,tags

Environment Variables:
JAVA_HOME=C:\Program Files\Java\jdk-14.0.2
PATH=C:\Program Files\Java\jdk-14.0.2\bin;C:\Program Files\apache-maven-3.8.3\bin;C:\Python310\Scripts\;C:\Python310\;C:\Program Files (x86)\Common Files\Oracle\Java\javapath;C:\ProgramData\Oracle\Java\javapath;C:\Windows\system32;C:\Windows;C:\Windows\System32\Wbem;C:\Windows\System32\WindowsPowerShell\v1.0\;C:\Windows\System32\OpenSSH\;C:\Program Files (x86)\NVIDIA Corporation\PhysX\Common;C:\Program Files\NVIDIA Corporation\NVIDIA NvDLISR;C:\Program Files\wureset;C:\Program Files\Git\cmd;C:\Program Files\dotnet\;C:\ProgramData\chocolatey\bin;C:\Program Files (x86)\Microsoft SQL Server\150\DTS\Binn\;C:\Program Files\Azure Data Studio\bin;C:\Program Files\nodejs\;C:\WINDOWS\system32;C:\WINDOWS;C:\WINDOWS\System32\Wbem;C:\WINDOWS\System32\WindowsPowerShell\v1.0\;C:\WINDOWS\System32\OpenSSH\;C:\Program Files\Docker\Docker\resources\bin;C:\ProgramData\DockerDesktop\version-bin;C:\Servidores\xampp\php;C:\ProgramData\ComposerSetup\bin;C:\Program Files\MATLAB\R2022a\bin;C:\Users\Maiky\AppData\Local\Microsoft\WindowsApps;C:\Users\Maiky\AppData\Local\GitHubDesktop\bin;C:\Users\Maiky\AppData\Local\Programs\Microsoft VS Code\bin;C:\Users\Maiky\.dotnet\tools;C:\Program Files\JetBrains\IntelliJ IDEA 2021.3.2\bin;;C:\Program Files\JetBrains\DataGrip 2021.2.4\bin;;C:\Program Files\Azure Data Studio\bin;C:\Users\Maiky\AppData\Roaming\npm;C:\Users\Maiky\AppData\Roaming\Composer\vendor\bin
USERNAME=Maiky
OS=Windows_NT
PROCESSOR_IDENTIFIER=Intel64 Family 6 Model 165 Stepping 2, GenuineIntel
TMP=C:\Users\Maiky\AppData\Local\Temp
TEMP=C:\Users\Maiky\AppData\Local\Temp



---------------  S Y S T E M  ---------------

OS:
 Windows 10 , 64 bit Build 19041 (10.0.19041.1889)
OS uptime: 18 days 4:39 hours

CPU: total 8 (initial active 8) (4 cores per cpu, 2 threads per core) family 6 model 165 stepping 2 microcode 0xc8, cx8, cmov, fxsr, ht, mmx, 3dnowpref, sse, sse2, sse3, ssse3, sse4.1, sse4.2, popcnt, lzcnt, tsc, tscinvbit, avx, avx2, aes, erms, clmul, bmi1, bmi2, adx, fma, vzeroupper, clflush, clflushopt

Memory: 4k page, system-wide physical 8029M (348M free)
TotalPageFile size 32605M (AvailPageFile size 12M)
current process WorkingSet (physical memory assigned to process): 84M, peak: 480M
current process commit charge ("private bytes"): 313M, peak: 1113M

vm_info: OpenJDK 64-Bit Server VM (17.0.5+8) for windows-amd64 JRE (17.0.5+8), built on Oct 19 2022 04:48:13 by "temurin" with MS VC++ 16.7 (VS2019)

END.
